[START] 2026-04-15T11:14:59-07:00
[INFO] logs_dir=/home/tori/projects/Seq-LoRA/Seq_LoRA/logs/map_mcdrop_ens_seedset_1_3_7_11_13_rerun_20260415_tmux
[RUN] map_eval_seed1 at 2026-04-15T11:14:59-07:00
[DONE] map_eval_seed1 rc=0 at 2026-04-15T11:16:22-07:00
[RUN] map_eval_seed3 at 2026-04-15T11:16:22-07:00
[DONE] map_eval_seed3 rc=0 at 2026-04-15T11:17:36-07:00
[RUN] map_eval_seed7 at 2026-04-15T11:17:36-07:00
[DONE] map_eval_seed7 rc=0 at 2026-04-15T11:18:55-07:00
[RUN] map_eval_seed11 at 2026-04-15T11:18:55-07:00
[DONE] map_eval_seed11 rc=0 at 2026-04-15T11:20:10-07:00
[RUN] map_eval_seed13 at 2026-04-15T11:20:10-07:00
[DONE] map_eval_seed13 rc=0 at 2026-04-15T11:21:32-07:00
[RUN] mcdrop_eval_seed1 at 2026-04-15T11:21:32-07:00
[DONE] mcdrop_eval_seed1 rc=0 at 2026-04-15T11:44:19-07:00
[RUN] mcdrop_eval_seed3 at 2026-04-15T11:44:19-07:00
[DONE] mcdrop_eval_seed3 rc=0 at 2026-04-15T12:09:35-07:00
[RUN] mcdrop_eval_seed7 at 2026-04-15T12:09:35-07:00
[DONE] mcdrop_eval_seed7 rc=0 at 2026-04-15T12:34:37-07:00
[RUN] mcdrop_eval_seed11 at 2026-04-15T12:34:37-07:00
[DONE] mcdrop_eval_seed11 rc=0 at 2026-04-15T13:00:00-07:00
[RUN] mcdrop_eval_seed13 at 2026-04-15T13:00:00-07:00
[DONE] mcdrop_eval_seed13 rc=0 at 2026-04-15T13:24:53-07:00
[RUN] map_ensemble_eval_seedset_1_3_7_11_13 at 2026-04-15T13:24:53-07:00
[DONE] map_ensemble_eval_seedset_1_3_7_11_13 rc=0 at 2026-04-15T13:30:25-07:00
[END] 2026-04-15T13:30:25-07:00
